#   hist
0.000000 0.147873
0.040000 0.273694
0.080000 0.549124
0.120000 1.690790
0.160000 24.807982
0.200000 1204.732881
0.240000 5159.823225
0.280000 10252.562635
0.320000 9786.901121
0.360000 18286.057045
0.400000 11145.794775
0.440000 293.181457
0.480000 19.051967
0.520000 2.744557
0.560000 0.871571
0.600000 0.404046
0.640000 0.213183
0.680000 0.116835
0.720000 0.064580
0.760000 0.035539
0.800000 0.019291
0.840000 0.010253
0.880000 0.005305
0.920000 0.002662
0.960000 0.001291
1.000000 0.000605
1.040000 0.000273
1.080000 0.000119
1.120000 0.000050
1.160000 0.000020
1.200000 0.000008
1.240000 0.000003
1.280000 0.000001
1.320000 0.000000
1.360000 0.000000
1.400000 0.000000
1.440000 0.000000
1.480000 0.000000
1.520000 0.000000
1.560000 0.000000
1.600000 0.000000
1.640000 0.000000
1.680000 0.000000
1.720000 0.000000
1.760000 0.000000
1.800000 0.000000
1.840000 0.000000
1.880000 0.000000
1.920000 0.000000
1.960000 0.000000
